Connecting to host 11.11.11.2, port 5201
[  6] local 11.11.11.3 port 53742 connected to 11.11.11.2 port 5201
[ ID] Interval           Transfer     Bitrate         Total Datagrams
[  6]   0.00-1.00   sec   123 KBytes  1.01 Mbits/sec  87  
[  6]   1.00-2.00   sec   122 KBytes   996 Kbits/sec  86  
[  6]   2.00-3.00   sec   122 KBytes   996 Kbits/sec  86  
[  6]   3.00-4.00   sec   123 KBytes  1.01 Mbits/sec  87  
[  6]   4.00-5.00   sec   122 KBytes   996 Kbits/sec  86  
[  6]   5.00-6.00   sec   122 KBytes   996 Kbits/sec  86  
[  6]   6.00-7.00   sec   123 KBytes  1.01 Mbits/sec  87  
[  6]   7.00-8.00   sec   122 KBytes   996 Kbits/sec  86  
[  6]   8.00-9.00   sec   122 KBytes   996 Kbits/sec  86  
[  6]   9.00-10.00  sec   123 KBytes  1.01 Mbits/sec  87  
[  6]  10.00-11.00  sec   122 KBytes   996 Kbits/sec  86  
[  6]  11.00-12.00  sec   122 KBytes   996 Kbits/sec  86  
[  6]  12.00-13.00  sec   123 KBytes  1.01 Mbits/sec  87  
[  6]  13.00-14.00  sec   122 KBytes   996 Kbits/sec  86  
[  6]  14.00-15.00  sec   122 KBytes   996 Kbits/sec  86  
[  6]  15.00-16.00  sec   123 KBytes  1.01 Mbits/sec  87  
[  6]  16.00-17.00  sec   122 KBytes   996 Kbits/sec  86  
[  6]  17.00-18.00  sec   122 KBytes   996 Kbits/sec  86  
[  6]  18.00-19.00  sec   123 KBytes  1.01 Mbits/sec  87  
[  6]  19.00-20.00  sec   122 KBytes   996 Kbits/sec  86  
[  6]  20.00-21.00  sec   122 KBytes   996 Kbits/sec  86  
[  6]  21.00-22.00  sec   123 KBytes  1.01 Mbits/sec  87  
[  6]  22.00-23.00  sec   122 KBytes   996 Kbits/sec  86  
[  6]  23.00-24.00  sec   122 KBytes   996 Kbits/sec  86  
[  6]  24.00-25.00  sec   123 KBytes  1.01 Mbits/sec  87  
[  6]  25.00-26.00  sec   122 KBytes   996 Kbits/sec  86  
[  6]  26.00-27.00  sec   122 KBytes   996 Kbits/sec  86  
[  6]  27.00-28.00  sec   123 KBytes  1.01 Mbits/sec  87  
[  6]  28.00-29.00  sec   122 KBytes   996 Kbits/sec  86  
[  6]  29.00-30.00  sec   122 KBytes   996 Kbits/sec  86  
- - - - - - - - - - - - - - - - - - - - - - - - -
[ ID] Interval           Transfer     Bitrate         Jitter    Lost/Total Datagrams
[  6]   0.00-30.00  sec  3.58 MBytes  1.00 Mbits/sec  0.000 ms  0/2590 (0%)  sender
[  6]   0.00-30.00  sec  0.00 Bytes  0.00 bits/sec  0.000 ms  0/0 (0%)  receiver
iperf3: error - control socket has closed unexpectedly
