Connecting to host 11.11.11.2, port 5201
[  6] local 11.11.11.3 port 37303 connected to 11.11.11.2 port 5201
[ ID] Interval           Transfer     Bitrate         Total Datagrams
[  6]   0.00-1.00   sec  36.8 KBytes   301 Kbits/sec  26  
[  6]   1.00-2.00   sec  36.8 KBytes   301 Kbits/sec  26  
[  6]   2.00-3.00   sec  36.8 KBytes   301 Kbits/sec  26  
[  6]   3.00-4.00   sec  36.8 KBytes   301 Kbits/sec  26  
[  6]   4.00-5.00   sec  36.8 KBytes   301 Kbits/sec  26  
[  6]   5.00-6.00   sec  36.8 KBytes   301 Kbits/sec  26  
[  6]   6.00-7.00   sec  36.8 KBytes   301 Kbits/sec  26  
[  6]   7.00-8.00   sec  36.8 KBytes   301 Kbits/sec  26  
[  6]   8.00-9.00   sec  36.8 KBytes   301 Kbits/sec  26  
[  6]   9.00-10.00  sec  35.4 KBytes   290 Kbits/sec  25  
[  6]  10.00-11.00  sec  36.8 KBytes   301 Kbits/sec  26  
[  6]  11.00-12.00  sec  36.8 KBytes   301 Kbits/sec  26  
[  6]  12.00-13.00  sec  36.8 KBytes   301 Kbits/sec  26  
[  6]  13.00-14.00  sec  36.8 KBytes   301 Kbits/sec  26  
[  6]  14.00-15.00  sec  36.8 KBytes   301 Kbits/sec  26  
[  6]  15.00-16.00  sec  36.8 KBytes   301 Kbits/sec  26  
[  6]  16.00-17.00  sec  36.8 KBytes   301 Kbits/sec  26  
[  6]  17.00-18.00  sec  36.8 KBytes   301 Kbits/sec  26  
[  6]  18.00-19.00  sec  36.8 KBytes   301 Kbits/sec  26  
[  6]  19.00-20.00  sec  35.4 KBytes   290 Kbits/sec  25  
[  6]  20.00-21.00  sec  36.8 KBytes   301 Kbits/sec  26  
[  6]  21.00-22.00  sec  36.8 KBytes   301 Kbits/sec  26  
[  6]  22.00-23.00  sec  36.8 KBytes   301 Kbits/sec  26  
[  6]  23.00-24.00  sec  36.8 KBytes   301 Kbits/sec  26  
[  6]  24.00-25.00  sec  36.8 KBytes   301 Kbits/sec  26  
[  6]  25.00-26.00  sec  36.8 KBytes   301 Kbits/sec  26  
[  6]  26.00-27.00  sec  36.8 KBytes   301 Kbits/sec  26  
[  6]  27.00-28.00  sec  36.8 KBytes   301 Kbits/sec  26  
[  6]  28.00-29.00  sec  36.8 KBytes   301 Kbits/sec  26  
[  6]  29.00-30.00  sec  35.4 KBytes   290 Kbits/sec  25  
- - - - - - - - - - - - - - - - - - - - - - - - -
[ ID] Interval           Transfer     Bitrate         Jitter    Lost/Total Datagrams
[  6]   0.00-30.00  sec  1.07 MBytes   300 Kbits/sec  0.000 ms  0/777 (0%)  sender
[  6]   0.00-30.33  sec  1.06 MBytes   292 Kbits/sec  9.849 ms  13/777 (1.7%)  receiver

iperf Done.
